[10:22:44] [main/INFO]: Setting user: Player401
[10:22:54] [main/WARN]: Skipping bad option: lastServer:
[10:22:54] [main/INFO]: LWJGL Version: 2.9.4
[10:23:01] [main/INFO]: Reloading ResourceManager: Default, FMLFileResourcePack:Forge Mod Loader, FMLFileResourcePack:Minecraft Forge, FMLFileResourcePack:GT:Pain And Progression Mod
[10:23:04] [Sound Library Loader/INFO]: Starting up SoundSystem...
[10:23:05] [Thread-5/INFO]: Initializing LWJGL OpenAL
[10:23:05] [Thread-5/INFO]: (The LWJGL binding of OpenAL.  For more information, see http://www.lwjgl.org)
[10:23:05] [Thread-5/INFO]: OpenAL initialized.
[10:23:05] [Sound Library Loader/INFO]: Sound engine started
[10:23:18] [main/INFO]: Created: 512x512 textures-atlas
[10:23:21] [main/WARN]: Skipping bad option: lastServer:
[10:23:22] [main/INFO]: Narrator library for x64 successfully loaded
[10:23:23] [Realms Notification Availability checker #1/INFO]: Could not authorize you against Realms server: Invalid session id
[10:23:48] [Server thread/INFO]: Starting integrated minecraft server version 1.12.2
[10:23:48] [Server thread/INFO]: Generating keypair
[10:23:49] [Server thread/INFO]: Loaded 488 advancements
[10:23:50] [Server thread/INFO]: Preparing start region for level 0
[10:23:51] [Server thread/INFO]: Preparing spawn area: 7%
[10:23:52] [Server thread/INFO]: Preparing spawn area: 14%
[10:23:53] [Server thread/INFO]: Preparing spawn area: 20%
[10:23:54] [Server thread/INFO]: Preparing spawn area: 31%
[10:23:55] [Server thread/INFO]: Preparing spawn area: 37%
[10:23:56] [Server thread/INFO]: Preparing spawn area: 46%
[10:23:57] [Server thread/INFO]: Preparing spawn area: 52%
[10:23:58] [Server thread/INFO]: Preparing spawn area: 60%
[10:23:59] [Server thread/INFO]: Preparing spawn area: 69%
[10:24:00] [Server thread/INFO]: Preparing spawn area: 78%
[10:24:01] [Server thread/INFO]: Preparing spawn area: 89%
[10:24:02] [Server thread/INFO]: Changing view distance to 12, from 10
[10:24:04] [Server thread/INFO]: Player401[local:E:51e9e9f7] logged in with entity id 1534 at (171.5, 71.0, 157.5)
[10:24:04] [Server thread/INFO]: Player401 joined the game
[10:24:08] [Server thread/WARN]: Can't keep up! Did the system time change, or is the server overloaded? Running 5470ms behind, skipping 109 tick(s)
[10:24:08] [Server thread/INFO]: Saving and pausing game...
[10:24:08] [Server thread/INFO]: Saving chunks for level 'New World'/overworld
[10:24:09] [Server thread/INFO]: Saving chunks for level 'New World'/the_nether
[10:24:09] [Server thread/INFO]: Saving chunks for level 'New World'/the_end
[10:24:40] [Server thread/WARN]: Can't keep up! Did the system time change, or is the server overloaded? Running 2095ms behind, skipping 41 tick(s)
[10:25:16] [Server thread/WARN]: Can't keep up! Did the system time change, or is the server overloaded? Running 10231ms behind, skipping 204 tick(s)
[10:25:35] [Server thread/INFO]: Saving and pausing game...
[10:25:35] [Server thread/INFO]: Saving chunks for level 'New World'/overworld
[10:25:35] [Server thread/INFO]: Saving chunks for level 'New World'/the_nether
[10:25:35] [Server thread/INFO]: Saving chunks for level 'New World'/the_end
[10:25:44] [Server thread/WARN]: Can't keep up! Did the system time change, or is the server overloaded? Running 2445ms behind, skipping 48 tick(s)
[10:26:08] [Server thread/INFO]: Saving and pausing game...
[10:26:08] [Server thread/INFO]: Saving chunks for level 'New World'/overworld
[10:26:08] [main/INFO]: Stopping!
[10:26:09] [Server thread/INFO]: Saving chunks for level 'New World'/the_nether
[10:26:09] [Server thread/INFO]: Saving chunks for level 'New World'/the_end
[10:26:09] [Server thread/INFO]: Stopping server
[10:26:09] [Server thread/INFO]: Saving players
[10:26:09] [Server thread/INFO]: Player401 lost connection: Disconnected
[10:26:09] [Server thread/INFO]: Player401 left the game
[10:26:09] [Server thread/INFO]: Stopping singleplayer server as player logged out
[10:26:09] [Server thread/INFO]: Saving worlds
[10:26:09] [Server thread/INFO]: Saving chunks for level 'New World'/overworld
[10:26:09] [Server thread/INFO]: Saving chunks for level 'New World'/the_nether
[10:26:09] [Server thread/INFO]: Saving chunks for level 'New World'/the_end
[10:26:10] [main/INFO]: SoundSystem shutting down...
[10:26:11] [main/WARN]: Author: Paul Lamb, www.paulscode.com
